<?xml version="1.0" encoding="UTF-8"?>
<!-- Generated by org.testng.reporters.JUnitXMLReporter -->
<testsuite ignored="0" hostname="DESKTOP-5OBCTT3" failures="0" tests="2" name="Default test" time="25.424" errors="0" timestamp="2022-12-19T22:48:05 IST">
  <testcase classname="com.demoblaze.testscripts.ContactsDemoblaze" name="contactDemoblazeTest" time="1.499"/>
  <testcase classname="com.demoblaze.testscripts.ContactsDemoblaze" name="contactDemoblazeTest" time="1.387"/>
</testsuite> <!-- Default test -->
