<?xml version="1.0" encoding="UTF-8"?>
<!-- Generated by org.testng.reporters.JUnitXMLReporter -->
<testsuite ignored="0" hostname="DESKTOP-78GA1ON" failures="0" tests="3" name="Test" time="37.773" errors="0" timestamp="2023-07-22T13:41:55 IST">
  <testcase classname="com.demoblaze.testscripts.ContactsDemoblaze" name="contactDemoblazeTest" time="1.472"/>
  <testcase classname="com.demoblaze.testscripts.ContactsDemoblaze" name="contactDemoblazeTest" time="1.48"/>
  <testcase classname="com.demoblaze.testscripts.AddToCart" name="addCart" time="6.705"/>
</testsuite> <!-- Test -->
