<?xml version="1.0" encoding="UTF-8"?>
<testng-results ignored="0" total="2" passed="2" failed="0" skipped="0">
  <reporter-output>
    <line>
      <![CDATA[Launched the Browser]]>
    </line>
    <line>
      <![CDATA[Logged in to the app]]>
    </line>
    <line>
      <![CDATA[Logged out from the app]]>
    </line>
    <line>
      <![CDATA[Logged in to the app]]>
    </line>
    <line>
      <![CDATA[Logged out from the app]]>
    </line>
  </reporter-output>
  <suite started-at="2022-12-19T22:47:40 IST" name="Default suite" finished-at="2022-12-19T22:48:05 IST" duration-ms="25424">
    <groups>
    </groups>
    <test started-at="2022-12-19T22:47:40 IST" name="Default test" finished-at="2022-12-19T22:48:05 IST" duration-ms="25424">
      <class name="com.demoblaze.testscripts.ContactsDemoblaze">
        <test-method is-config="true" signature="beforeSuite()[pri:0, instance:com.demoblaze.testscripts.ContactsDemoblaze@2c1b194a]" started-at="2022-12-19T22:47:40 IST" name="beforeSuite" finished-at="2022-12-19T22:47:49 IST" duration-ms="8657" status="PASS">
          <reporter-output>
            <line>
              <![CDATA[Launched the Browser]]>
            </line>
          </reporter-output>
        </test-method> <!-- beforeSuite -->
        <test-method is-config="true" signature="loginApp()[pri:0, instance:com.demoblaze.testscripts.ContactsDemoblaze@2c1b194a]" started-at="2022-12-19T22:47:50 IST" name="loginApp" finished-at="2022-12-19T22:47:54 IST" duration-ms="3953" status="PASS">
          <reporter-output>
            <line>
              <![CDATA[Logged in to the app]]>
            </line>
          </reporter-output>
        </test-method> <!-- loginApp -->
        <test-method signature="contactDemoblazeTest(java.lang.String,java.lang.String)[pri:0, instance:com.demoblaze.testscripts.ContactsDemoblaze@2c1b194a]" started-at="2022-12-19T22:47:54 IST" name="contactDemoblazeTest" data-provider="contactTest" finished-at="2022-12-19T22:47:55 IST" duration-ms="1499" status="PASS">
          <params>
            <param index="0">
              <value>
                <![CDATA[san123@gamil.com]]>
              </value>
            </param>
            <param index="1">
              <value>
                <![CDATA[santosh]]>
              </value>
            </param>
          </params>
          <reporter-output>
          </reporter-output>
        </test-method> <!-- contactDemoblazeTest -->
        <test-method is-config="true" signature="logutApp()[pri:0, instance:com.demoblaze.testscripts.ContactsDemoblaze@2c1b194a]" started-at="2022-12-19T22:47:55 IST" name="logutApp" finished-at="2022-12-19T22:47:57 IST" duration-ms="2298" status="PASS">
          <reporter-output>
            <line>
              <![CDATA[Logged out from the app]]>
            </line>
          </reporter-output>
        </test-method> <!-- logutApp -->
        <test-method is-config="true" signature="loginApp()[pri:0, instance:com.demoblaze.testscripts.ContactsDemoblaze@2c1b194a]" started-at="2022-12-19T22:47:57 IST" name="loginApp" finished-at="2022-12-19T22:48:01 IST" duration-ms="3914" status="PASS">
          <reporter-output>
            <line>
              <![CDATA[Logged in to the app]]>
            </line>
          </reporter-output>
        </test-method> <!-- loginApp -->
        <test-method signature="contactDemoblazeTest(java.lang.String,java.lang.String)[pri:0, instance:com.demoblaze.testscripts.ContactsDemoblaze@2c1b194a]" started-at="2022-12-19T22:48:01 IST" name="contactDemoblazeTest" data-provider="contactTest" finished-at="2022-12-19T22:48:03 IST" duration-ms="1387" status="PASS">
          <params>
            <param index="0">
              <value>
                <![CDATA[prav123@gamil.com]]>
              </value>
            </param>
            <param index="1">
              <value>
                <![CDATA[hardik]]>
              </value>
            </param>
          </params>
          <reporter-output>
          </reporter-output>
        </test-method> <!-- contactDemoblazeTest -->
        <test-method is-config="true" signature="logutApp()[pri:0, instance:com.demoblaze.testscripts.ContactsDemoblaze@2c1b194a]" started-at="2022-12-19T22:48:03 IST" name="logutApp" finished-at="2022-12-19T22:48:04 IST" duration-ms="1718" status="PASS">
          <reporter-output>
            <line>
              <![CDATA[Logged out from the app]]>
            </line>
          </reporter-output>
        </test-method> <!-- logutApp -->
        <test-method is-config="true" signature="afterSuit()[pri:0, instance:com.demoblaze.testscripts.ContactsDemoblaze@2c1b194a]" started-at="2022-12-19T22:48:04 IST" name="afterSuit" finished-at="2022-12-19T22:48:05 IST" duration-ms="880" status="PASS">
          <reporter-output>
          </reporter-output>
        </test-method> <!-- afterSuit -->
      </class> <!-- com.demoblaze.testscripts.ContactsDemoblaze -->
    </test> <!-- Default test -->
  </suite> <!-- Default suite -->
</testng-results>
